2022-09-07 19:21:42.232  INFO 6025 --- [main] c.example.droneapi.DroneApiApplication   : Starting DroneApiApplication using Java 11.0.15 on SI.local with PID 6025 (/Users/tope/Documents/JavaProjects/drone-api/target/classes started by tope in /Users/tope/Documents/JavaProjects/drone-api)
2022-09-07 19:21:42.251  INFO 6025 --- [main] c.example.droneapi.DroneApiApplication   : No active profile set, falling back to 1 default profile: "default"
2022-09-07 19:21:43.167  INFO 6025 --- [main] .s.d.r.c.RepositoryConfigurationDelegate : Bootstrapping Spring Data JPA repositories in DEFAULT mode.
2022-09-07 19:21:43.246  INFO 6025 --- [main] .s.d.r.c.RepositoryConfigurationDelegate : Finished Spring Data repository scanning in 67 ms. Found 2 JPA repository interfaces.
2022-09-07 19:21:43.874  INFO 6025 --- [main] o.s.b.w.embedded.tomcat.TomcatWebServer  : Tomcat initialized with port(s): 8086 (http)
2022-09-07 19:21:43.884  INFO 6025 --- [main] o.apache.catalina.core.StandardService   : Starting service [Tomcat]
2022-09-07 19:21:43.884  INFO 6025 --- [main] org.apache.catalina.core.StandardEngine  : Starting Servlet engine: [Apache Tomcat/9.0.64]
2022-09-07 19:21:44.060  INFO 6025 --- [main] o.a.c.c.C.[Tomcat].[localhost].[/]       : Initializing Spring embedded WebApplicationContext
2022-09-07 19:21:44.061  INFO 6025 --- [main] w.s.c.ServletWebServerApplicationContext : Root WebApplicationContext: initialization completed in 1731 ms
2022-09-07 19:21:44.097  INFO 6025 --- [main] com.zaxxer.hikari.HikariDataSource       : HikariPool-1 - Starting...
2022-09-07 19:21:44.420  INFO 6025 --- [main] com.zaxxer.hikari.HikariDataSource       : HikariPool-1 - Start completed.
2022-09-07 19:21:44.442  INFO 6025 --- [main] o.s.b.a.h2.H2ConsoleAutoConfiguration    : H2 console available at '/h2-console'. Database available at 'jdbc:h2:file:~/h2/droneDb'
2022-09-07 19:21:44.634  INFO 6025 --- [main] o.hibernate.jpa.internal.util.LogHelper  : HHH000204: Processing PersistenceUnitInfo [name: default]
2022-09-07 19:21:44.747  INFO 6025 --- [main] org.hibernate.Version                    : HHH000412: Hibernate ORM core version 5.6.9.Final
2022-09-07 19:21:44.964  INFO 6025 --- [main] o.hibernate.annotations.common.Version   : HCANN000001: Hibernate Commons Annotations {5.1.2.Final}
2022-09-07 19:21:45.121  INFO 6025 --- [main] org.hibernate.dialect.Dialect            : HHH000400: Using dialect: org.hibernate.dialect.H2Dialect
2022-09-07 19:21:47.484  INFO 6025 --- [main] o.h.e.t.j.p.i.JtaPlatformInitiator       : HHH000490: Using JtaPlatform implementation: [org.hibernate.engine.transaction.jta.platform.internal.NoJtaPlatform]
2022-09-07 19:21:47.495  INFO 6025 --- [main] j.LocalContainerEntityManagerFactoryBean : Initialized JPA EntityManagerFactory for persistence unit 'default'
2022-09-07 19:21:49.054  WARN 6025 --- [main] JpaBaseConfiguration$JpaWebConfiguration : spring.jpa.open-in-view is enabled by default. Therefore, database queries may be performed during view rendering. Explicitly configure spring.jpa.open-in-view to disable this warning
2022-09-07 19:21:49.772  INFO 6025 --- [main] o.s.b.w.embedded.tomcat.TomcatWebServer  : Tomcat started on port(s): 8086 (http) with context path ''
2022-09-07 19:21:50.075  INFO 6025 --- [main] c.example.droneapi.DroneApiApplication   : Started DroneApiApplication in 8.456 seconds (JVM running for 9.598)
